Auto-grader Configuration:
  blocks found in :	 auto_grade/blocks/
  normal deadline is:	 2023-09-14
 
=======================================================================
Testing submission: lab1.tar
Name: Rose Whitt, NetId: rew9
	Date From Files: 2023-09-13

--- built front end and should be ready to run ---

Testing Correctness

	Holmes.i
	0 correct lines identified as errors
			9 errors found, 9 expected
	T8k.i	
	0 correct lines identified as errors
			0 errors found, 0 expected
	parse.i
	0 correct lines identified as errors
			5 errors found, 5 expected
	report1.i
	0 correct lines identified as errors
			0 errors found, 0 expected
	report2.i
	0 correct lines identified as errors
			0 errors found, 0 expected
	report3.i
	0 correct lines identified as errors
			0 errors found, 0 expected
	scanner.i
	0 correct lines identified as errors
			2 errors found, 2 expected
	-------------------------
	0 correct lines identified as errors
	0 lines with errors missed

Testing Conformance	(If we got this far, the tar file worked.)

	Produced 'ERROR' message on missing or bad file name
	Help message check found all options

Quick Scalability Test:
	(For a more accurate test, run the auto-timer)

	T8k.i:  	0.224789 seconds
	T16k.i:  	0.406548 seconds
	T32k.i:  	0.6789149999999999 seconds
	T64k.i:  	1.345875 seconds
	T128k.i:  	2.6618959999999996 seconds

	Scaling appears to be linear.

Scoring (on the provided test blocks):

	Correctness:	100.0%
	Conformance:	100.0%

	Run the auto-timer to see Scalability results

finished testing submission lab1.tar
=======================================================================

Grading run complete.

