Autotimer: using Scalability SLOCs blocks
=======================================================================
Testing submission: lab1.tar
NetId: rew9, Name: Rose Whitt
	Date From Files: 2023-09-13

--- built front end and should be ready to run ---


Testing Scalability:
	(Each elapsed time is the minimum of five runs.)

	T1k.i:  	0.0510 seconds
	T2k.i:  	0.0691 seconds
	T4k.i:  	0.1076 seconds
	T8k.i:  	0.1843 seconds
	T16k.i:  	0.3478 seconds
	T32k.i:  	0.6730 seconds
	T64k.i:  	1.2951 seconds
	T128k.i:  	2.6147 seconds
 
Scaling score is 100
Efficiency score is 79.50783333333334	( python )

finished timing run on submission lab1.tar
=======================================================================

Timing run complete.

