Autotimer: using Scalability SLOCs blocks
=======================================================================
Testing submission: lab1.tar
NetId: rew9, Name: Rose Whitt
	Date From Files: 2023-09-10

--- built front end and should be ready to run ---


Testing Scalability:
	(Each elapsed time is the minimum of five runs.)

	T1k.i:  	0.1146 seconds
	T2k.i:  	0.1800 seconds
	T4k.i:  	0.4600 seconds
	T8k.i:  	0.4881 seconds
	T16k.i:  	0.7031 seconds
	T32k.i:  	1.6324 seconds
	T64k.i:  	2.9302 seconds
	T128k.i:  	6.3548 seconds
 
Scaling score is 0
Efficiency score is 0	( python )

	Anomalous behavior: 2 inputs showed no growth

finished timing run on submission lab1.tar
=======================================================================

Timing run complete.

