Autotimer: using Scalability SLOCs blocks
=======================================================================
Testing submission: lab1.tar
NetId: lab1, Name: lab1
	Date From Files: 2023-09-13

--- built front end and should be ready to run ---


Testing Scalability:
	(Each elapsed time is the minimum of five runs.)

	T1k.i:  	0.1147 seconds
	T2k.i:  	0.1921 seconds
	T4k.i:  	0.3145 seconds
	T8k.i:  	0.2138 seconds
	T16k.i:  	0.3849 seconds
	T32k.i:  	0.8132 seconds
	T64k.i:  	2.3593 seconds
	T128k.i:  	3.7267 seconds
 
Scaling score is 0
Efficiency score is 42.44236666666666	( python )

	Anomalous behavior: 2 inputs showed no growth

finished timing run on submission lab1.tar
=======================================================================

Timing run complete.

