Autotimer: using Scalability SLOCs blocks
=======================================================================
Testing submission: comp412.tar
NetId: comp412, Name: Comp 412
	Date From Files: 2023-09-13

--- building executable ---
rm -f 412fe *.o
cp placeholder 412fe
chmod 711 412fe
--- built front end and should be ready to run ---


Testing Scalability:
	(Each elapsed time is the minimum of five runs.)

	T1k.i:  	0.0029 seconds
	T2k.i:  	0.0030 seconds
	T4k.i:  	0.0036 seconds
	T8k.i:  	0.0046 seconds
	T16k.i:  	0.0068 seconds
	T32k.i:  	0.0106 seconds
	T64k.i:  	0.0197 seconds
	T128k.i:  	0.0361 seconds
 
Scaling score is 100
Efficiency score is 100	( unknown )

finished timing run on submission comp412.tar
=======================================================================
Testing submission: lab1.tar
NetId: rew9, Name: Rose Whitt
	Date From Files: 2023-09-13

--- built front end and should be ready to run ---


Testing Scalability:
	(Each elapsed time is the minimum of five runs.)

	T1k.i:  	0.0520 seconds
	T2k.i:  	0.0740 seconds
	T4k.i:  	0.1164 seconds
	T8k.i:  	0.2049 seconds
	T16k.i:  	0.3871 seconds
	T32k.i:  	0.7293 seconds
	T64k.i:  	1.4458 seconds
	T128k.i:  	2.8941 seconds
 
Scaling score is 100
Efficiency score is 70.19413333333334	( python )

finished timing run on submission lab1.tar
=======================================================================

Timing run complete.

