Autotimer: using Scalability SLOCs blocks
=======================================================================
Testing submission: lab1.tar
NetId: rew9, Name: Rose Whitt
	Date From Files: 2023-09-26

--- built front end and should be ready to run ---


Testing Scalability:
	(Each elapsed time is the minimum of five runs.)

	T1k.i:  	0.0495 seconds
	T2k.i:  	0.0650 seconds
	T4k.i:  	0.1035 seconds
	T8k.i:  	0.1764 seconds
	T16k.i:  	0.3335 seconds
	T32k.i:  	0.6416 seconds
	T64k.i:  	1.3402 seconds
	T128k.i:  	2.7522 seconds
 
Scaling score is 100
Efficiency score is 74.9244	( python )

finished timing run on submission lab1.tar
=======================================================================

Timing run complete.

