Autotimer: using Scalability SLOCs blocks
=======================================================================
Testing submission: lab1.tar
NetId: rew9, Name: Rose Whitt
	Date From Files: 2023-09-13

--- built front end and should be ready to run ---


Testing Scalability:
	(Each elapsed time is the minimum of five runs.)

	T1k.i:  	0.0442 seconds
	T2k.i:  	0.0585 seconds
	T4k.i:  	0.0874 seconds
	T8k.i:  	0.1428 seconds
	T16k.i:  	0.2600 seconds
	T32k.i:  	0.4892 seconds
	T64k.i:  	0.9518 seconds
	T128k.i:  	1.8639 seconds
 
Scaling score is 100
Efficiency score is 100	( python )

finished timing run on submission lab1.tar
=======================================================================

Timing run complete.

