Autotimer: using Scalability SLOCs blocks
=======================================================================
Testing submission: lab1.tar
NetId: rew9, Name: Rose Whitt
	Date From Files: 2023-09-13

--- built front end and should be ready to run ---


Testing Scalability:
	(Each elapsed time is the minimum of five runs.)

	T1k.i:  	0.0486 seconds
	T2k.i:  	0.0687 seconds
	T4k.i:  	0.1085 seconds
	T8k.i:  	0.1905 seconds
	T16k.i:  	0.3511 seconds
	T32k.i:  	0.6741 seconds
	T64k.i:  	1.3131 seconds
	T128k.i:  	2.6296 seconds
 
Scaling score is 100
Efficiency score is 79.01213333333334	( python )

finished timing run on submission lab1.tar
=======================================================================

Timing run complete.

