Autotimer: using Scalability SLOCs blocks
=======================================================================
Testing submission: comp412.tar
NetId: comp412, Name: Comp 412
	Date From Files: 2023-09-13

--- building executable ---
rm -f 412fe *.o
cp placeholder 412fe
chmod 711 412fe
--- built front end and should be ready to run ---


Testing Scalability:
	(Each elapsed time is the minimum of five runs.)

	T1k.i:  	0.0067 seconds
	T2k.i:  	0.0073 seconds
	T4k.i:  	0.0087 seconds
	T8k.i:  	0.0115 seconds
	T16k.i:  	0.0169 seconds
	T32k.i:  	0.0279 seconds
	T64k.i:  	0.0496 seconds
	T128k.i:  	0.0931 seconds
 
Scaling score is 100
Efficiency score is 100	( unknown )

finished timing run on submission comp412.tar
=======================================================================
Testing submission: lab1.tar
NetId: lab1, Name: lab1
	Date From Files: 2023-09-13

--- built front end and should be ready to run ---


Testing Scalability:
	(Each elapsed time is the minimum of five runs.)

	T1k.i:  	0.1257 seconds
	T2k.i:  	0.1299 seconds
	T4k.i:  	0.1637 seconds
	T8k.i:  	0.2951 seconds
	T16k.i:  	0.3818 seconds
	T32k.i:  	0.7649 seconds
	T64k.i:  	1.4424 seconds
	T128k.i:  	3.7075 seconds
 
Scaling score is 100
Efficiency score is 43.082300000000004	( python )

	Anomalous behavior: 1 inputs showed no growth

finished timing run on submission lab1.tar
=======================================================================

Timing run complete.

