Autotimer: using Scalability SLOCs blocks
=======================================================================
Testing submission: lab1.tar
NetId: lab1, Name: lab1
	Date From Files: 2023-09-13

--- built front end and should be ready to run ---


Testing Scalability:
	(Each elapsed time is the minimum of five runs.)

	T1k.i:  	0.0486 seconds
	T2k.i:  	0.0692 seconds
	T4k.i:  	0.1066 seconds
	T8k.i:  	0.1823 seconds
	T16k.i:  	0.3349 seconds
	T32k.i:  	0.6482 seconds
	T64k.i:  	1.2787 seconds
	T128k.i:  	2.4869 seconds
 
Scaling score is 100
Efficiency score is 83.7684	( python )

finished timing run on submission lab1.tar
=======================================================================

Timing run complete.

