Autotimer: using Scalability SLOCs blocks
=======================================================================
Testing submission: lab1.tar
NetId: rew9, Name: Rose Whitt
	Date From Files: 2023-09-13

--- built front end and should be ready to run ---


Testing Scalability:
	(Each elapsed time is the minimum of five runs.)

	T1k.i:  	0.0514 seconds
	T2k.i:  	0.0725 seconds
	T4k.i:  	0.1161 seconds
	T8k.i:  	0.2036 seconds
	T16k.i:  	0.3777 seconds
	T32k.i:  	0.7269 seconds
	T64k.i:  	1.4214 seconds
	T128k.i:  	2.8369 seconds
 
Scaling score is 100
Efficiency score is 72.10326666666666	( python )

finished timing run on submission lab1.tar
=======================================================================

Timing run complete.

