Autotimer: using Scalability SLOCs blocks
=======================================================================
Testing submission: lab1.tar
NetId: lab1, Name: lab1
	Date From Files: 2023-09-27

--- built front end and should be ready to run ---


Testing Scalability:
	(Each elapsed time is the minimum of five runs.)

	T1k.i:  	0.1228 seconds
	T2k.i:  	0.1692 seconds
	T4k.i:  	0.2651 seconds
	T8k.i:  	0.2774 seconds
	T16k.i:  	0.7691 seconds
	T32k.i:  	0.7097 seconds
	T64k.i:  	2.1897 seconds
	T128k.i:  	3.7843 seconds
 
Scaling score is 0
Efficiency score is 40.5207	( python )

	Anomalous behavior: 3 inputs showed no growth

finished timing run on submission lab1.tar
=======================================================================

Timing run complete.

