Autotimer: using Scalability SLOCs blocks
=======================================================================
Testing submission: lab1.tar
NetId: lab1, Name: lab1
	Date From Files: 2023-09-13

--- built front end and should be ready to run ---


Testing Scalability:
	(Each elapsed time is the minimum of five runs.)

	T1k.i:  	0.1317 seconds
	T2k.i:  	0.1904 seconds
	T4k.i:  	0.2743 seconds
	T8k.i:  	0.5372 seconds
	T16k.i:  	0.9360 seconds
	T32k.i:  	1.5056 seconds
	T64k.i:  	2.4497 seconds
	T128k.i:  	3.8418 seconds
 
Scaling score is 100
Efficiency score is 38.603699999999996	( python )

finished timing run on submission lab1.tar
=======================================================================

Timing run complete.

