Autotimer: using Scalability SLOCs blocks
=======================================================================
Testing submission: rew9.tar
NetId: rew9, Name: Rose Whitt
	Date From Files: 2023-09-27

--- built front end and should be ready to run ---


Testing Scalability:
	(Each elapsed time is the minimum of five runs.)

	T1k.i:  	0.0489 seconds
	T2k.i:  	0.0678 seconds
	T4k.i:  	0.1037 seconds
	T8k.i:  	0.1796 seconds
	T16k.i:  	0.3350 seconds
	T32k.i:  	0.6486 seconds
	T64k.i:  	1.3281 seconds
	T128k.i:  	2.7115 seconds
 
Scaling score is 100
Efficiency score is 76.2801	( python )

finished timing run on submission rew9.tar
=======================================================================

Timing run complete.

