Autotimer: using Scalability SLOCs blocks
=======================================================================
Testing submission: lab1.tar
No README file found.
NetId: No README, Name: unknown
	Date From Files: 2023-09-12

--- built front end and should be ready to run ---


Testing Scalability:
	(Each elapsed time is the minimum of five runs.)

	T1k.i:  	0.1336 seconds
	T2k.i:  	0.1950 seconds
	T4k.i:  	0.2238 seconds
	T8k.i:  	0.5508 seconds
	T16k.i:  	0.5673 seconds
	T32k.i:  	1.1119 seconds
	T64k.i:  	1.5645 seconds
	T128k.i:  	4.1429 seconds
 
Scaling score is 0
Efficiency score is 28.569066666666686	( python )

	Anomalous behavior: 2 inputs showed no growth

finished timing run on submission lab1.tar
=======================================================================

Timing run complete.

