Autotimer: using Scalability SLOCs blocks
=======================================================================
Testing submission: lab1.tar
No README file found.
NetId: No README, Name: unknown
	Date From Files: 2023-09-12

--- built front end and should be ready to run ---


Testing Scalability:
	(Each elapsed time is the minimum of five runs.)

	T1k.i:  	0.0709 seconds
	T2k.i:  	0.1040 seconds
	T4k.i:  	0.1707 seconds
	T8k.i:  	0.5422 seconds
	T16k.i:  	0.4207 seconds
	T32k.i:  	0.8163 seconds
	T64k.i:  	2.3911 seconds
	T128k.i:  	4.0491 seconds
 
Scaling score is 0
Efficiency score is 31.69403333333331	( python )

	Anomalous behavior: 3 inputs showed no growth

finished timing run on submission lab1.tar
=======================================================================

Timing run complete.

