Autotimer: using Scalability SLOCs blocks
=======================================================================
Testing submission: lab1.tar
No README file found.
NetId: No README, Name: unknown
	Date From Files: 2023-09-13

--- built front end and should be ready to run ---


Testing Scalability:
	(Each elapsed time is the minimum of five runs.)

	T1k.i:  	0.0520 seconds
	T2k.i:  	0.0768 seconds
	T4k.i:  	0.1227 seconds
	T8k.i:  	0.2118 seconds
	T16k.i:  	0.3995 seconds
	T32k.i:  	0.7674 seconds
	T64k.i:  	1.4939 seconds
	T128k.i:  	3.0532 seconds
 
Scaling score is 100
Efficiency score is 64.89216666666667	( python )

finished timing run on submission lab1.tar
=======================================================================

Timing run complete.

