Autotimer: using Scalability SLOCs blocks
=======================================================================
Testing submission: lab1.tar
No README file found.
NetId: No README, Name: unknown
	Date From Files: 2023-09-12

--- built front end and should be ready to run ---


Testing Scalability:
	(Each elapsed time is the minimum of five runs.)

	T1k.i:  	0.1355 seconds
	T2k.i:  	0.2028 seconds
	T4k.i:  	0.2887 seconds
	T8k.i:  	0.5473 seconds
	T16k.i:  	0.9336 seconds
	T32k.i:  	0.8193 seconds
	T64k.i:  	2.4655 seconds
	T128k.i:  	4.1110 seconds
 
Scaling score is 0
Efficiency score is 29.63303333333333	( python )

	Anomalous behavior: 2 inputs showed no growth

finished timing run on submission lab1.tar
=======================================================================

Timing run complete.

