Autotimer: using Scalability SLOCs blocks
=======================================================================
Testing submission: lab1.tar
No README file found.
NetId: No README, Name: unknown
	Date From Files: 2023-09-12

--- built front end and should be ready to run ---


Testing Scalability:
	(Each elapsed time is the minimum of five runs.)

	T1k.i:  	0.0631 seconds
	T2k.i:  	0.0996 seconds
	T4k.i:  	0.1666 seconds
	T8k.i:  	0.3082 seconds
	T16k.i:  	0.5884 seconds
	T32k.i:  	1.1442 seconds
	T64k.i:  	2.2647 seconds
	T128k.i:  	4.5480 seconds
 
Scaling score is 100
Efficiency score is 15.06383333333332	( python )

finished timing run on submission lab1.tar
=======================================================================

Timing run complete.

