Autotimer: using Scalability SLOCs blocks
=======================================================================
Testing submission: lab1.tar
No README file found.
NetId: No README, Name: unknown
	Date From Files: 2023-09-12

--- built front end and should be ready to run ---


Testing Scalability:
	(Each elapsed time is the minimum of five runs.)

	T1k.i:  	0.1345 seconds
	T2k.i:  	0.1980 seconds
	T4k.i:  	0.3290 seconds
	T8k.i:  	0.3302 seconds
	T16k.i:  	0.9372 seconds
	T32k.i:  	0.7888 seconds
	T64k.i:  	1.5312 seconds
	T128k.i:  	3.9176 seconds
 
Scaling score is 0
Efficiency score is 36.07693333333332	( python )

	Anomalous behavior: 3 inputs showed no growth

finished timing run on submission lab1.tar
=======================================================================

Timing run complete.

