Autotimer: using Scalability SLOCs blocks
=======================================================================
Testing submission: lab1.tar
No README file found.
NetId: No README, Name: unknown
	Date From Files: 2023-09-12

--- built front end and should be ready to run ---


Testing Scalability:
	(Each elapsed time is the minimum of five runs.)

	T1k.i:  	0.0919 seconds
	T2k.i:  	0.1599 seconds
	T4k.i:  	0.2941 seconds
	T8k.i:  	0.5572 seconds
	T16k.i:  	1.0817 seconds
	T32k.i:  	2.1495 seconds
	T64k.i:  	4.2541 seconds
	T128k.i:  	8.4859 seconds
 
Scaling score is 100
Efficiency score is 0	( python )

finished timing run on submission lab1.tar
=======================================================================

Timing run complete.

