Autotimer: using Scalability SLOCs blocks
=======================================================================
Testing submission: lab1.tar
No README file found.
NetId: No README, Name: unknown
	Date From Files: 2023-09-12

--- built front end and should be ready to run ---


Testing Scalability:
	(Each elapsed time is the minimum of five runs.)

	T1k.i:  	0.1255 seconds
	T2k.i:  	0.1374 seconds
	T4k.i:  	0.3269 seconds
	T8k.i:  	0.3315 seconds
	T16k.i:  	0.9145 seconds
	T32k.i:  	0.8060 seconds
	T64k.i:  	1.5379 seconds
	T128k.i:  	4.0288 seconds
 
Scaling score is 0
Efficiency score is 32.3715	( python )

	Anomalous behavior: 4 inputs showed no growth

finished timing run on submission lab1.tar
=======================================================================

Timing run complete.

